[debug] [2026-06-23T09:35:24.518Z] ----------------------------------------------------------------------
[debug] [2026-06-23T09:35:24.521Z] Command:       /home/robert/.nvm/versions/node/v20.20.2/bin/node /home/robert/.nvm/versions/node/v20.20.2/bin/firebase deploy
[debug] [2026-06-23T09:35:24.521Z] CLI Version:   15.22.1
[debug] [2026-06-23T09:35:24.522Z] Platform:      linux
[debug] [2026-06-23T09:35:24.522Z] Node Version:  v20.20.2
[debug] [2026-06-23T09:35:24.522Z] Detected Agent: unknown
[debug] [2026-06-23T09:35:24.522Z] Time:          Tue Jun 23 2026 12:35:24 GMT+0300 (Eastern European Summer Time)
[debug] [2026-06-23T09:35:24.522Z] ----------------------------------------------------------------------
[debug] 
[debug] [2026-06-23T09:35:25.919Z] > command requires scopes: ["email","openid","https://www.googleapis.com/auth/cloudplatformprojects.readonly","https://www.googleapis.com/auth/firebase","https://www.googleapis.com/auth/cloud-platform"]
[debug] [2026-06-23T09:35:25.920Z] > authorizing via signed-in user (isaic.roby@gmail.com)
[debug] [2026-06-23T09:35:25.920Z] [iam] checking project doi-frati for permissions ["firebase.projects.get","firebasehosting.sites.update"]
[debug] [2026-06-23T09:35:25.921Z] Checked if tokens are valid: true, expires at: 1782208394279
[debug] [2026-06-23T09:35:25.921Z] Checked if tokens are valid: true, expires at: 1782208394279
[debug] [2026-06-23T09:35:25.922Z] >>> [apiv2][query] POST https://cloudresourcemanager.googleapis.com/v1/projects/doi-frati:testIamPermissions [none]
[debug] [2026-06-23T09:35:25.923Z] >>> [apiv2][(partial)header] POST https://cloudresourcemanager.googleapis.com/v1/projects/doi-frati:testIamPermissions  x-goog-user-project=doi-frati
[debug] [2026-06-23T09:35:25.923Z] >>> [apiv2][body] POST https://cloudresourcemanager.googleapis.com/v1/projects/doi-frati:testIamPermissions {"permissions":["firebase.projects.get","firebasehosting.sites.update"]}
[debug] [2026-06-23T09:35:26.230Z] <<< [apiv2][status] POST https://cloudresourcemanager.googleapis.com/v1/projects/doi-frati:testIamPermissions 200
[debug] [2026-06-23T09:35:26.230Z] <<< [apiv2][body] POST https://cloudresourcemanager.googleapis.com/v1/projects/doi-frati:testIamPermissions {"permissions":["firebase.projects.get","firebasehosting.sites.update"]}
[debug] [2026-06-23T09:35:26.231Z] Checked if tokens are valid: true, expires at: 1782208394279
[debug] [2026-06-23T09:35:26.231Z] Checked if tokens are valid: true, expires at: 1782208394279
[debug] [2026-06-23T09:35:26.231Z] >>> [apiv2][query] GET https://firebase.googleapis.com/v1beta1/projects/doi-frati [none]
[debug] [2026-06-23T09:35:27.058Z] <<< [apiv2][status] GET https://firebase.googleapis.com/v1beta1/projects/doi-frati 200
[debug] [2026-06-23T09:35:27.059Z] <<< [apiv2][body] GET https://firebase.googleapis.com/v1beta1/projects/doi-frati {"projectId":"doi-frati","projectNumber":"244421632309","displayName":"doifrati","name":"projects/doi-frati","resources":{"hostingSite":"doi-frati","locationId":"europe-west"},"state":"ACTIVE","etag":"1_ddf3ea3e-e8e3-428d-86c1-2685b4b9c006"}
[debug] [2026-06-23T09:35:29.346Z] Checked if tokens are valid: true, expires at: 1782208394279
[debug] [2026-06-23T09:35:29.346Z] Checked if tokens are valid: true, expires at: 1782208394279
[debug] [2026-06-23T09:35:29.347Z] >>> [apiv2][query] GET https://firebasehosting.googleapis.com/v1beta1/projects/doi-frati/sites pageToken=&pageSize=10
[debug] [2026-06-23T09:35:30.504Z] <<< [apiv2][status] GET https://firebasehosting.googleapis.com/v1beta1/projects/doi-frati/sites 200
[debug] [2026-06-23T09:35:30.504Z] <<< [apiv2][body] GET https://firebasehosting.googleapis.com/v1beta1/projects/doi-frati/sites {"sites":[{"name":"projects/doi-frati/sites/doi-frati","defaultUrl":"https://doi-frati.web.app","appId":"1:244421632309:web:2dc6623e225b62eaca6c7c","type":"DEFAULT_SITE"}]}
[debug] [2026-06-23T09:35:30.504Z] Checked if tokens are valid: true, expires at: 1782208394279
[debug] [2026-06-23T09:35:30.504Z] Checked if tokens are valid: true, expires at: 1782208394279
[debug] [2026-06-23T09:35:30.504Z] >>> [apiv2][query] GET https://firebase.googleapis.com/v1beta1/projects/-/webApps/1:244421632309:web:2dc6623e225b62eaca6c7c/config [none]
[debug] [2026-06-23T09:35:31.055Z] <<< [apiv2][status] GET https://firebase.googleapis.com/v1beta1/projects/-/webApps/1:244421632309:web:2dc6623e225b62eaca6c7c/config 200
[debug] [2026-06-23T09:35:31.056Z] <<< [apiv2][body] GET https://firebase.googleapis.com/v1beta1/projects/-/webApps/1:244421632309:web:2dc6623e225b62eaca6c7c/config {"projectId":"doi-frati","appId":"1:244421632309:web:2dc6623e225b62eaca6c7c","storageBucket":"doi-frati.appspot.com","locationId":"europe-west","apiKey":"AIzaSyBKehbenHP14OhFTa-T62OMw5WscervEt4","authDomain":"doi-frati.firebaseapp.com","messagingSenderId":"244421632309","measurementId":"G-T0EYJ4BVER","projectNumber":"244421632309","version":"2"}
[info] 
   Thank you for trying our early preview of Next.js support on Firebase Hosting.
   During the preview, support is best-effort and breaking changes can be expected. Proceed with caution.

   Documentation: https://firebase.google.com/docs/hosting/frameworks/nextjs
   File a bug: https://github.com/firebase/firebase-tools/issues/new?template=bug_report.md
   Submit a feature request: https://github.com/firebase/firebase-tools/issues/new?template=feature_request.md

   We'd love to learn from you. Express your interest in helping us shape the future of Firebase Hosting: https://goo.gle/41enW5X

[debug] [2026-06-23T09:35:38.323Z] Checked if tokens are valid: true, expires at: 1782208394279
[debug] [2026-06-23T09:35:38.324Z] Checked if tokens are valid: true, expires at: 1782208394279
[debug] [2026-06-23T09:35:38.324Z] >>> [apiv2][query] GET https://firebasehosting.googleapis.com/v1beta1/projects/doi-frati/sites/doi-frati [none]
[debug] [2026-06-23T09:35:39.304Z] <<< [apiv2][status] GET https://firebasehosting.googleapis.com/v1beta1/projects/doi-frati/sites/doi-frati 200
[debug] [2026-06-23T09:35:39.304Z] <<< [apiv2][body] GET https://firebasehosting.googleapis.com/v1beta1/projects/doi-frati/sites/doi-frati {"name":"projects/doi-frati/sites/doi-frati","defaultUrl":"https://doi-frati.web.app","appId":"1:244421632309:web:2dc6623e225b62eaca6c7c","type":"DEFAULT_SITE"}
[info]    Creating an optimized production build ...

[info]  ✓ Compiled successfully

[info]    Linting and checking validity of types ...

[info]    Collecting page data ...

[info]    Generating static pages (0/37) ...

[info]    Generating static pages (9/37) 

[info] oik

[info]    Generating static pages (18/37) 

[info] 
 ⚠ metadata.metadataBase is not set for resolving social open graph or twitter images, using "https://doi-frati.web.app". See https://nextjs.org/docs/app/api-reference/functions/generate-metadata#metadatabase

[info] 
 ⚠ metadata.metadataBase is not set for resolving social open graph or twitter images, using "https://doi-frati.web.app". See https://nextjs.org/docs/app/api-reference/functions/generate-metadata#metadatabase

[info] oik

[info]    Generating static pages (27/37) 

[info] 
 ⚠ metadata.metadataBase is not set for resolving social open graph or twitter images, using "https://doi-frati.web.app". See https://nextjs.org/docs/app/api-reference/functions/generate-metadata#metadatabase

[info]  ✓ Generating static pages (37/37) 

[info]    Finalizing page optimization ...

[info]    Collecting build traces ...

[info] 

[info] Route (app)                              Size     First Load JS
┌ ○ /                                    20.9 kB         443 kB
├ ○ /_not-found                          0 B                0 B
├ ○ /admin                               145 kB          634 kB
├ ○ /admin/blog                          1.49 kB        83.6 kB
├ ○ /admin/blog/nou                      217 B           892 kB
├ λ /admin/blog/nou/[blogId]             218 B           892 kB
├ ○ /admin/comenzi                       1.54 kB        83.6 kB
├ ○ /admin/email-marketing               1.57 kB        83.7 kB
├ ○ /admin/mesaje-si-formulare           1.54 kB        83.6 kB
├ ○ /admin/pagini-statice                1.46 kB        83.6 kB
├ λ /admin/pagini-statice/[pageId]       3.9 kB          761 kB
├ ○ /admin/produse                       1.49 kB        83.6 kB
├ ○ /admin/produse-adauga                1.55 kB        83.7 kB
├ λ /admin/produse-adauga/[id]           1.57 kB        83.7 kB
├ ○ /admin/produse-grupare               1.51 kB        83.6 kB
├ ○ /admin/produse-stoc                  1.53 kB        83.6 kB
├ λ /admin/produse/[productName]         241 B          1.12 MB
├ ○ /admin/recenzii                      1.49 kB        83.6 kB
├ ○ /admin/seo                           1.51 kB        83.6 kB
├ ○ /admin/setari-website                1.52 kB        83.6 kB
├ ○ /admin/utilizatori                   1.57 kB        83.7 kB
├ ○ /am-uitat-parola                     4.69 kB         387 kB
├ ○ /blog                                6.96 kB         343 kB
├ λ /blog/[blogName]                     10.3 kB         770 kB
├ ○ /checkout                            35.7 kB         698 kB
├ ○ /comanda-finalizata                  4.68 kB         102 kB
├ ○ /creeaza-cont                        13.5 kB         482 kB
├ ○ /login                               6.63 kB         406 kB
├ ○ /magazin                             6.65 kB         340 kB
├ λ /magazin/[productName]               241 B          1.12 MB
├ ○ /plata-card                          3.94 kB         171 kB
├ ○ /politica-anulare-comanda            3.6 kB          541 kB
├ ○ /politica-de-confidentialitate       3.6 kB          541 kB
├ ○ /politica-de-cookies                 3.6 kB          541 kB
├ ○ /politica-de-livrare                 3.6 kB          541 kB
├ ○ /politica-de-retur                   14 kB           818 kB
├ ○ /resetare-parola                     4.27 kB         385 kB
├ ○ /robots.txt                          0 B                0 B
├ ○ /sitemap.xml                         0 B                0 B
├ ○ /termeni-si-conditii                 3.59 kB         541 kB
└ λ /vezi-factura/[orderId]              3.33 kB         223 kB
+ First Load JS shared by all            82.1 kB
  ├ chunks/2472-93f8224f88a329c9.js      27.6 kB
  ├ chunks/fd9d1056-fb4b36c8f2f9708b.js  51.1 kB
  ├ chunks/main-app-f6e2d5a0d9fc755e.js  237 B
  └ chunks/webpack-d9e94ba6bef2c2ab.js   3.19 kB



[info] λ  (Server)  server-side renders at runtime (uses getInitialProps or getServerSideProps)
○  (Static)  automatically rendered as static HTML (uses no initial props)


[info] Building a Cloud Function to run this application. This is needed due to:
[info]  • non-static component /blog/[blogName]/page
[info]  • non-static component /magazin/[productName]/page
[info]  • non-static component /vezi-factura/[orderId]/page
[info]  • non-static component /admin/blog/nou/[blogId]/page
[info]  • non-static component /admin/pagini-statice/[pageId]/page
[debug] [2026-06-23T09:37:22.590Z]  • non-static component /admin/produse-adauga/[id]/page
[debug] [2026-06-23T09:37:22.590Z]  • non-static component /admin/produse/[productName]/page
[info]  • and 2 other reasons, use --debug to see more
[info] 
[debug] [2026-06-23T09:37:41.544Z] Checked if tokens are valid: true, expires at: 1782208394279
[debug] [2026-06-23T09:37:41.544Z] Checked if tokens are valid: true, expires at: 1782208394279
[debug] [2026-06-23T09:37:41.544Z] >>> [apiv2][query] GET https://firebasehosting.googleapis.com/v1beta1/projects/doi-frati/sites/doi-frati [none]
[debug] [2026-06-23T09:37:42.556Z] <<< [apiv2][status] GET https://firebasehosting.googleapis.com/v1beta1/projects/doi-frati/sites/doi-frati 200
[debug] [2026-06-23T09:37:42.556Z] <<< [apiv2][body] GET https://firebasehosting.googleapis.com/v1beta1/projects/doi-frati/sites/doi-frati {"name":"projects/doi-frati/sites/doi-frati","defaultUrl":"https://doi-frati.web.app","appId":"1:244421632309:web:2dc6623e225b62eaca6c7c","type":"DEFAULT_SITE"}
[debug] [2026-06-23T09:38:03.902Z] [web frameworks] effective firebase.json:  {
  "hosting": [
    {
      "source": ".",
      "ignore": [
        "firebase.json",
        "**/.*",
        "**/node_modules/**"
      ],
      "frameworksBackend": {
        "region": "europe-west1",
        "maxInstances": 10,
        "timeoutSeconds": 120
      },
      "site": "doi-frati",
      "rewrites": [
        {
          "source": "**",
          "function": {
            "functionId": "ssrdoifrati",
            "region": "europe-west1",
            "pinTag": true
          }
        }
      ],
      "redirects": [],
      "headers": [
        {
          "source": "/blog",
          "headers": [
            {
              "key": "x-next-cache-tags",
              "value": "_N_T_/layout,_N_T_/blog/layout,_N_T_/blog/page,_N_T_/blog"
            }
          ]
        },
        {
          "source": "/am-uitat-parola",
          "headers": [
            {
              "key": "x-next-cache-tags",
              "value": "_N_T_/layout,_N_T_/am-uitat-parola/layout,_N_T_/am-uitat-parola/page,_N_T_/am-uitat-parola"
            }
          ]
        },
        {
          "source": "/creeaza-cont",
          "headers": [
            {
              "key": "x-next-cache-tags",
              "value": "_N_T_/layout,_N_T_/creeaza-cont/layout,_N_T_/creeaza-cont/page,_N_T_/creeaza-cont"
            }
          ]
        },
        {
          "source": "/login",
          "headers": [
            {
              "key": "x-next-cache-tags",
              "value": "_N_T_/layout,_N_T_/login/layout,_N_T_/login/page,_N_T_/login"
            }
          ]
        },
        {
          "source": "/checkout",
          "headers": [
            {
              "key": "x-next-cache-tags",
              "value": "_N_T_/layout,_N_T_/checkout/layout,_N_T_/checkout/page,_N_T_/checkout"
            }
          ]
        },
        {
          "source": "/comanda-finalizata",
          "headers": [
            {
              "key": "x-next-cache-tags",
              "value": "_N_T_/layout,_N_T_/comanda-finalizata/layout,_N_T_/comanda-finalizata/page,_N_T_/comanda-finalizata"
            }
          ]
        },
        {
          "source": "/favicon.ico",
          "headers": [
            {
              "key": "cache-control",
              "value": "public, max-age=0, must-revalidate"
            },
            {
              "key": "content-type",
              "value": "image/x-icon"
            },
            {
              "key": "x-next-cache-tags",
              "value": "_N_T_/layout,_N_T_/favicon.ico/layout,_N_T_/favicon.ico/route,_N_T_/favicon.ico"
            }
          ]
        },
        {
          "source": "/plata-card",
          "headers": [
            {
              "key": "x-next-cache-tags",
              "value": "_N_T_/layout,_N_T_/plata-card/layout,_N_T_/plata-card/page,_N_T_/plata-card"
            }
          ]
        },
        {
          "source": "/politica-de-livrare",
          "headers": [
            {
              "key": "x-next-cache-tags",
              "value": "_N_T_/layout,_N_T_/politica-de-livrare/layout,_N_T_/politica-de-livrare/page,_N_T_/politica-de-livrare"
            }
          ]
        },
        {
          "source": "/politica-anulare-comanda",
          "headers": [
            {
              "key": "x-next-cache-tags",
              "value": "_N_T_/layout,_N_T_/politica-anulare-comanda/layout,_N_T_/politica-anulare-comanda/page,_N_T_/politica-anulare-comanda"
            }
          ]
        },
        {
          "source": "/politica-de-cookies",
          "headers": [
            {
              "key": "x-next-cache-tags",
              "value": "_N_T_/layout,_N_T_/politica-de-cookies/layout,_N_T_/politica-de-cookies/page,_N_T_/politica-de-cookies"
            }
          ]
        },
        {
          "source": "/magazin",
          "headers": [
            {
              "key": "x-next-cache-tags",
              "value": "_N_T_/layout,_N_T_/magazin/layout,_N_T_/magazin/page,_N_T_/magazin"
            }
          ]
        },
        {
          "source": "/politica-de-retur",
          "headers": [
            {
              "key": "x-next-cache-tags",
              "value": "_N_T_/layout,_N_T_/politica-de-retur/layout,_N_T_/politica-de-retur/page,_N_T_/politica-de-retur"
            }
          ]
        },
        {
          "source": "/resetare-parola",
          "headers": [
            {
              "key": "x-next-cache-tags",
              "value": "_N_T_/layout,_N_T_/resetare-parola/layout,_N_T_/resetare-parola/page,_N_T_/resetare-parola"
            }
          ]
        },
        {
          "source": "/politica-de-confidentialitate",
          "headers": [
            {
              "key": "x-next-cache-tags",
              "value": "_N_T_/layout,_N_T_/politica-de-confidentialitate/layout,_N_T_/politica-de-confidentialitate/page,_N_T_/politica-de-confidentialitate"
            }
          ]
        },
        {
          "source": "/robots.txt",
          "headers": [
            {
              "key": "cache-control",
              "value": "public, immutable, no-transform, max-age=31536000"
            },
            {
              "key": "content-type",
              "value": "text/plain"
            },
            {
              "key": "x-next-cache-tags",
              "value": "_N_T_/layout,_N_T_/robots.txt/layout,_N_T_/robots.txt/route,_N_T_/robots.txt"
            }
          ]
        },
        {
          "source": "/termeni-si-conditii",
          "headers": [
            {
              "key": "x-next-cache-tags",
              "value": "_N_T_/layout,_N_T_/termeni-si-conditii/layout,_N_T_/termeni-si-conditii/page,_N_T_/termeni-si-conditii"
            }
          ]
        },
        {
          "source": "/admin",
          "headers": [
            {
              "key": "x-next-cache-tags",
              "value": "_N_T_/layout,_N_T_/admin/layout,_N_T_/admin/page,_N_T_/admin"
            }
          ]
        },
        {
          "source": "/sitemap.xml",
          "headers": [
            {
              "key": "cache-control",
              "value": "public, max-age=0, must-revalidate"
            },
            {
              "key": "content-type",
              "value": "application/xml"
            },
            {
              "key": "x-next-cache-tags",
              "value": "_N_T_/layout,_N_T_/sitemap.xml/layout,_N_T_/sitemap.xml/route,_N_T_/sitemap.xml"
            }
          ]
        },
        {
          "source": "/admin/blog",
          "headers": [
            {
              "key": "x-next-cache-tags",
              "value": "_N_T_/layout,_N_T_/admin/layout,_N_T_/admin/blog/layout,_N_T_/admin/blog/page,_N_T_/admin/blog"
            }
          ]
        },
        {
          "source": "/admin/comenzi",
          "headers": [
            {
              "key": "x-next-cache-tags",
              "value": "_N_T_/layout,_N_T_/admin/layout,_N_T_/admin/comenzi/layout,_N_T_/admin/comenzi/page,_N_T_/admin/comenzi"
            }
          ]
        },
        {
          "source": "/admin/blog/nou",
          "headers": [
            {
              "key": "x-next-cache-tags",
              "value": "_N_T_/layout,_N_T_/admin/layout,_N_T_/admin/blog/layout,_N_T_/admin/blog/nou/layout,_N_T_/admin/blog/nou/page,_N_T_/admin/blog/nou"
            }
          ]
        },
        {
          "source": "/admin/produse-adauga",
          "headers": [
            {
              "key": "x-next-cache-tags",
              "value": "_N_T_/layout,_N_T_/admin/layout,_N_T_/admin/produse-adauga/layout,_N_T_/admin/produse-adauga/page,_N_T_/admin/produse-adauga"
            }
          ]
        },
        {
          "source": "/admin/email-marketing",
          "headers": [
            {
              "key": "x-next-cache-tags",
              "value": "_N_T_/layout,_N_T_/admin/layout,_N_T_/admin/email-marketing/layout,_N_T_/admin/email-marketing/page,_N_T_/admin/email-marketing"
            }
          ]
        },
        {
          "source": "/admin/pagini-statice",
          "headers": [
            {
              "key": "x-next-cache-tags",
              "value": "_N_T_/layout,_N_T_/admin/layout,_N_T_/admin/pagini-statice/layout,_N_T_/admin/pagini-statice/page,_N_T_/admin/pagini-statice"
            }
          ]
        },
        {
          "source": "/admin/produse",
          "headers": [
            {
              "key": "x-next-cache-tags",
              "value": "_N_T_/layout,_N_T_/admin/layout,_N_T_/admin/produse/layout,_N_T_/admin/produse/page,_N_T_/admin/produse"
            }
          ]
        },
        {
          "source": "/admin/produse-grupare",
          "headers": [
            {
              "key": "x-next-cache-tags",
              "value": "_N_T_/layout,_N_T_/admin/layout,_N_T_/admin/produse-grupare/layout,_N_T_/admin/produse-grupare/page,_N_T_/admin/produse-grupare"
            }
          ]
        },
        {
          "source": "/admin/setari-website",
          "headers": [
            {
              "key": "x-next-cache-tags",
              "value": "_N_T_/layout,_N_T_/admin/layout,_N_T_/admin/setari-website/layout,_N_T_/admin/setari-website/page,_N_T_/admin/setari-website"
            }
          ]
        },
        {
          "source": "/admin/mesaje-si-formulare",
          "headers": [
            {
              "key": "x-next-cache-tags",
              "value": "_N_T_/layout,_N_T_/admin/layout,_N_T_/admin/mesaje-si-formulare/layout,_N_T_/admin/mesaje-si-formulare/page,_N_T_/admin/mesaje-si-formulare"
            }
          ]
        },
        {
          "source": "/admin/recenzii",
          "headers": [
            {
              "key": "x-next-cache-tags",
              "value": "_N_T_/layout,_N_T_/admin/layout,_N_T_/admin/recenzii/layout,_N_T_/admin/recenzii/page,_N_T_/admin/recenzii"
            }
          ]
        },
        {
          "source": "/admin/seo",
          "headers": [
            {
              "key": "x-next-cache-tags",
              "value": "_N_T_/layout,_N_T_/admin/layout,_N_T_/admin/seo/layout,_N_T_/admin/seo/page,_N_T_/admin/seo"
            }
          ]
        },
        {
          "source": "/admin/utilizatori",
          "headers": [
            {
              "key": "x-next-cache-tags",
              "value": "_N_T_/layout,_N_T_/admin/layout,_N_T_/admin/utilizatori/layout,_N_T_/admin/utilizatori/page,_N_T_/admin/utilizatori"
            }
          ]
        },
        {
          "source": "/admin/produse-stoc",
          "headers": [
            {
              "key": "x-next-cache-tags",
              "value": "_N_T_/layout,_N_T_/admin/layout,_N_T_/admin/produse-stoc/layout,_N_T_/admin/produse-stoc/page,_N_T_/admin/produse-stoc"
            }
          ]
        },
        {
          "source": "**/*.[jt]s",
          "headers": [
            {
              "key": "Set-Cookie",
              "value": "__FIREBASE_DEFAULTS__=eyJjb25maWciOnsicHJvamVjdElkIjoiZG9pLWZyYXRpIiwiYXBwSWQiOiIxOjI0NDQyMTYzMjMwOTp3ZWI6MmRjNjYyM2UyMjViNjJlYWNhNmM3YyIsInN0b3JhZ2VCdWNrZXQiOiJkb2ktZnJhdGkuYXBwc3BvdC5jb20iLCJsb2NhdGlvbklkIjoiZXVyb3BlLXdlc3QiLCJhcGlLZXkiOiJBSXphU3lCS2VoYmVuSFAxNE9oRlRhLVQ2Mk9NdzVXc2NlcnZFdDQiLCJhdXRoRG9tYWluIjoiZG9pLWZyYXRpLmZpcmViYXNlYXBwLmNvbSIsIm1lc3NhZ2luZ1NlbmRlcklkIjoiMjQ0NDIxNjMyMzA5IiwibWVhc3VyZW1lbnRJZCI6IkctVDBFWUo0QlZFUiIsInByb2plY3ROdW1iZXIiOiIyNDQ0MjE2MzIzMDkiLCJ2ZXJzaW9uIjoiMiJ9LCJfYXV0aFRva2VuU3luY1VSTCI6Ii9fX3Nlc3Npb24ifQ; SameSite=Strict; Expires=2028-05-17T20:18:03.902Z; Path=/;"
            }
          ]
        }
      ],
      "cleanUrls": true,
      "trailingSlash": false,
      "public": ".firebase/doi-frati/hosting",
      "webFramework": "next_ssr"
    }
  ],
  "functions": [
    {
      "source": ".firebase/doi-frati/functions",
      "codebase": "firebase-frameworks-doi-frati"
    }
  ]
}
[debug] [2026-06-23T09:38:03.903Z] > command requires scopes: ["email","openid","https://www.googleapis.com/auth/cloudplatformprojects.readonly","https://www.googleapis.com/auth/firebase","https://www.googleapis.com/auth/cloud-platform"]
[debug] [2026-06-23T09:38:03.904Z] > authorizing via signed-in user (isaic.roby@gmail.com)
[debug] [2026-06-23T09:38:03.904Z] [iam] checking project doi-frati for permissions ["cloudfunctions.functions.create","cloudfunctions.functions.delete","cloudfunctions.functions.get","cloudfunctions.functions.list","cloudfunctions.functions.update","cloudfunctions.operations.get","firebase.projects.get"]
[debug] [2026-06-23T09:38:03.905Z] Checked if tokens are valid: true, expires at: 1782208394279
[debug] [2026-06-23T09:38:03.905Z] Checked if tokens are valid: true, expires at: 1782208394279
[debug] [2026-06-23T09:38:03.905Z] >>> [apiv2][query] POST https://cloudresourcemanager.googleapis.com/v1/projects/doi-frati:testIamPermissions [none]
[debug] [2026-06-23T09:38:03.905Z] >>> [apiv2][(partial)header] POST https://cloudresourcemanager.googleapis.com/v1/projects/doi-frati:testIamPermissions  x-goog-user-project=doi-frati
[debug] [2026-06-23T09:38:03.905Z] >>> [apiv2][body] POST https://cloudresourcemanager.googleapis.com/v1/projects/doi-frati:testIamPermissions {"permissions":["cloudfunctions.functions.create","cloudfunctions.functions.delete","cloudfunctions.functions.get","cloudfunctions.functions.list","cloudfunctions.functions.update","cloudfunctions.operations.get","firebase.projects.get"]}
[debug] [2026-06-23T09:38:04.167Z] <<< [apiv2][status] POST https://cloudresourcemanager.googleapis.com/v1/projects/doi-frati:testIamPermissions 200
[debug] [2026-06-23T09:38:04.167Z] <<< [apiv2][body] POST https://cloudresourcemanager.googleapis.com/v1/projects/doi-frati:testIamPermissions {"permissions":["cloudfunctions.functions.create","cloudfunctions.functions.delete","cloudfunctions.functions.get","cloudfunctions.functions.list","cloudfunctions.functions.update","cloudfunctions.operations.get","firebase.projects.get"]}
[info] 
[info] === Deploying to 'doi-frati'...
[info] 
[info] i  deploying functions, hosting 
[debug] [2026-06-23T09:38:04.171Z] Checked if tokens are valid: true, expires at: 1782208394279
[debug] [2026-06-23T09:38:04.171Z] Checked if tokens are valid: true, expires at: 1782208394279
[debug] [2026-06-23T09:38:04.171Z] >>> [apiv2][query] GET https://cloudresourcemanager.googleapis.com/v1/projects/doi-frati [none]
[debug] [2026-06-23T09:38:04.640Z] <<< [apiv2][status] GET https://cloudresourcemanager.googleapis.com/v1/projects/doi-frati 200
[debug] [2026-06-23T09:38:04.640Z] <<< [apiv2][body] GET https://cloudresourcemanager.googleapis.com/v1/projects/doi-frati {"projectNumber":"244421632309","projectId":"doi-frati","lifecycleState":"ACTIVE","name":"doifrati","labels":{"firebase":"enabled"},"createTime":"2023-06-01T18:57:32.593727Z"}
[info] i  functions: preparing codebase firebase-frameworks-doi-frati for deployment 
[info] i  functions: ensuring required API cloudfunctions.googleapis.com is enabled... 
[info] i  functions: ensuring required API cloudbuild.googleapis.com is enabled... 
[info] i  artifactregistry: ensuring required API artifactregistry.googleapis.com is enabled... 
[debug] [2026-06-23T09:38:04.643Z] Checked if tokens are valid: true, expires at: 1782208394279
[debug] [2026-06-23T09:38:04.643Z] Checked if tokens are valid: true, expires at: 1782208394279
[debug] [2026-06-23T09:38:04.643Z] >>> [apiv2][query] GET https://firebase.googleapis.com/v1beta1/projects/doi-frati/adminSdkConfig [none]
[debug] [2026-06-23T09:38:05.750Z] <<< [apiv2][status] GET https://firebase.googleapis.com/v1beta1/projects/doi-frati/adminSdkConfig 200
[debug] [2026-06-23T09:38:05.751Z] <<< [apiv2][body] GET https://firebase.googleapis.com/v1beta1/projects/doi-frati/adminSdkConfig {"projectId":"doi-frati","storageBucket":"doi-frati.appspot.com","locationId":"europe-west"}
[debug] [2026-06-23T09:38:05.751Z] Checked if tokens are valid: true, expires at: 1782208394279
[debug] [2026-06-23T09:38:05.751Z] Checked if tokens are valid: true, expires at: 1782208394279
[debug] [2026-06-23T09:38:05.751Z] >>> [apiv2][query] GET https://runtimeconfig.googleapis.com/v1beta1/projects/doi-frati/configs [none]
[debug] [2026-06-23T09:38:06.067Z] <<< [apiv2][status] GET https://runtimeconfig.googleapis.com/v1beta1/projects/doi-frati/configs 200
[debug] [2026-06-23T09:38:06.067Z] <<< [apiv2][body] GET https://runtimeconfig.googleapis.com/v1beta1/projects/doi-frati/configs {}
[debug] [2026-06-23T09:38:06.084Z] Validating nodejs source
[warn] ⚠  functions: Runtime Node.js 20 was deprecated on 2026-04-30 and will be decommissioned on 2026-10-30, after which you will not be able to deploy without upgrading. Consider upgrading now to avoid disruption. See https://cloud.google.com/functions/docs/runtime-support for full details on the lifecycle policy 
[warn] ⚠  functions: package.json indicates an outdated version of firebase-functions. Please upgrade using npm install --save firebase-functions@latest in your functions directory. 
[warn] ⚠  functions: Please note that there will be breaking changes when you upgrade. 
[debug] [2026-06-23T09:38:06.744Z] > [functions] package.json contents: {
  "name": "doifrati",
  "version": "0.1.0",
  "private": true,
  "dependencies": {
    "@ant-design/cssinjs": "^1.17.0",
    "@ant-design/pro-layout": "^7.17.6",
    "@ckeditor/ckeditor5-build-classic": "^40.0.0",
    "@ckeditor/ckeditor5-react": "^6.1.0",
    "@firebase/messaging": "^0.12.4",
    "antd": "^5.24.0",
    "axios": "^0.27.2",
    "chart.js": "^4.4.8",
    "dayjs": "^1.11.9",
    "encoding": "^0.1.13",
    "feather-icons-react": "^0.5.0",
    "firebase": "^9.22.1",
    "html-react-parser": "^4.2.2",
    "immutability-helper": "^3.1.1",
    "js-cookie": "^2.2.1",
    "lodash": "^4.17.21",
    "next": "^13.5.6",
    "prop-types": "^15.8.1",
    "react": "^18.2.0",
    "react-chartjs-2": "^5.3.0",
    "react-cookie-consent": "^9.0.0",
    "react-dom": "^18.2.0",
    "react-facebook-pixel": "^1.0.4",
    "react-ga": "^3.3.1",
    "react-ga4": "^2.1.0",
    "react-redux": "^8.0.4",
    "react-swipeable": "^7.0.2",
    "redux": "^4.2.0",
    "redux-devtools-extension": "^2.13.9",
    "redux-persist": "^6.0.0",
    "redux-thunk": "^2.4.1",
    "sharp": "^0.32.6",
    "styled-components": "^5.3.6",
    "uuid": "^9.0.0",
    "firebase-frameworks": "^0.11.0",
    "firebase-functions": "^6.0.1",
    "firebase-admin": "^11.11.1"
  },
  "main": "server.js",
  "engines": {
    "node": "20"
  }
}
[debug] [2026-06-23T09:38:06.747Z] Building nodejs source
[info] i  functions: Loading and analyzing source code for codebase firebase-frameworks-doi-frati to determine what to deploy 
[debug] [2026-06-23T09:38:06.751Z] Could not find functions.yaml. Must use http discovery
[debug] [2026-06-23T09:38:06.775Z] Found firebase-functions binary at '/mnt/c/Users/isaic/Desktop/huff/doifrati-main/.firebase/doi-frati/functions/node_modules/.bin/firebase-functions'
[debug] [2026-06-23T09:38:20.341Z] ----------------------------------------------------------------------
[debug] [2026-06-23T09:38:20.344Z] Command:       /home/robert/.nvm/versions/node/v20.20.2/bin/node /home/robert/.nvm/versions/node/v20.20.2/bin/firebase deploy
[debug] [2026-06-23T09:38:20.344Z] CLI Version:   15.22.1
[debug] [2026-06-23T09:38:20.344Z] Platform:      linux
[debug] [2026-06-23T09:38:20.344Z] Node Version:  v20.20.2
[debug] [2026-06-23T09:38:20.344Z] Detected Agent: unknown
[debug] [2026-06-23T09:38:20.345Z] Time:          Tue Jun 23 2026 12:38:20 GMT+0300 (Eastern European Summer Time)
[debug] [2026-06-23T09:38:20.345Z] ----------------------------------------------------------------------
[debug] 
[debug] [2026-06-23T09:38:21.456Z] > command requires scopes: ["email","openid","https://www.googleapis.com/auth/cloudplatformprojects.readonly","https://www.googleapis.com/auth/firebase","https://www.googleapis.com/auth/cloud-platform"]
[debug] [2026-06-23T09:38:21.456Z] > authorizing via signed-in user (isaic.roby@gmail.com)
[debug] [2026-06-23T09:38:21.457Z] [iam] checking project doi-frati for permissions ["firebase.projects.get","firebasehosting.sites.update"]
[debug] [2026-06-23T09:38:21.458Z] Checked if tokens are valid: false, expires at: 1782208394279
[debug] [2026-06-23T09:38:21.458Z] Checked if tokens are valid: false, expires at: 1782208394279
[debug] [2026-06-23T09:38:21.458Z] > refreshing access token with scopes: []
[debug] [2026-06-23T09:38:21.460Z] >>> [apiv2][query] POST https://www.googleapis.com/oauth2/v3/token [none]
[debug] [2026-06-23T09:38:21.460Z] >>> [apiv2][body] POST https://www.googleapis.com/oauth2/v3/token [omitted]
[debug] [2026-06-23T09:38:21.703Z] <<< [apiv2][status] POST https://www.googleapis.com/oauth2/v3/token 200
[debug] [2026-06-23T09:38:21.703Z] <<< [apiv2][body] POST https://www.googleapis.com/oauth2/v3/token [omitted]
[debug] [2026-06-23T09:38:21.715Z] >>> [apiv2][query] POST https://cloudresourcemanager.googleapis.com/v1/projects/doi-frati:testIamPermissions [none]
[debug] [2026-06-23T09:38:21.715Z] >>> [apiv2][(partial)header] POST https://cloudresourcemanager.googleapis.com/v1/projects/doi-frati:testIamPermissions  x-goog-user-project=doi-frati
[debug] [2026-06-23T09:38:21.715Z] >>> [apiv2][body] POST https://cloudresourcemanager.googleapis.com/v1/projects/doi-frati:testIamPermissions {"permissions":["firebase.projects.get","firebasehosting.sites.update"]}
[debug] [2026-06-23T09:38:21.963Z] <<< [apiv2][status] POST https://cloudresourcemanager.googleapis.com/v1/projects/doi-frati:testIamPermissions 200
[debug] [2026-06-23T09:38:21.963Z] <<< [apiv2][body] POST https://cloudresourcemanager.googleapis.com/v1/projects/doi-frati:testIamPermissions {"permissions":["firebase.projects.get","firebasehosting.sites.update"]}
[debug] [2026-06-23T09:38:21.964Z] Checked if tokens are valid: true, expires at: 1782211100703
[debug] [2026-06-23T09:38:21.964Z] Checked if tokens are valid: true, expires at: 1782211100703
[debug] [2026-06-23T09:38:21.964Z] >>> [apiv2][query] GET https://firebase.googleapis.com/v1beta1/projects/doi-frati [none]
[debug] [2026-06-23T09:38:22.299Z] <<< [apiv2][status] GET https://firebase.googleapis.com/v1beta1/projects/doi-frati 200
[debug] [2026-06-23T09:38:22.299Z] <<< [apiv2][body] GET https://firebase.googleapis.com/v1beta1/projects/doi-frati {"projectId":"doi-frati","projectNumber":"244421632309","displayName":"doifrati","name":"projects/doi-frati","resources":{"hostingSite":"doi-frati","locationId":"europe-west"},"state":"ACTIVE","etag":"1_ddf3ea3e-e8e3-428d-86c1-2685b4b9c006"}
[debug] [2026-06-23T09:38:24.536Z] Checked if tokens are valid: true, expires at: 1782211100703
[debug] [2026-06-23T09:38:24.536Z] Checked if tokens are valid: true, expires at: 1782211100703
[debug] [2026-06-23T09:38:24.536Z] >>> [apiv2][query] GET https://firebasehosting.googleapis.com/v1beta1/projects/doi-frati/sites pageToken=&pageSize=10
[debug] [2026-06-23T09:38:28.988Z] <<< [apiv2][status] GET https://firebasehosting.googleapis.com/v1beta1/projects/doi-frati/sites 200
[debug] [2026-06-23T09:38:28.988Z] <<< [apiv2][body] GET https://firebasehosting.googleapis.com/v1beta1/projects/doi-frati/sites {"sites":[{"name":"projects/doi-frati/sites/doi-frati","defaultUrl":"https://doi-frati.web.app","appId":"1:244421632309:web:2dc6623e225b62eaca6c7c","type":"DEFAULT_SITE"}]}
[debug] [2026-06-23T09:38:28.989Z] Checked if tokens are valid: true, expires at: 1782211100703
[debug] [2026-06-23T09:38:28.989Z] Checked if tokens are valid: true, expires at: 1782211100703
[debug] [2026-06-23T09:38:28.989Z] >>> [apiv2][query] GET https://firebase.googleapis.com/v1beta1/projects/-/webApps/1:244421632309:web:2dc6623e225b62eaca6c7c/config [none]
[debug] [2026-06-23T09:38:29.731Z] <<< [apiv2][status] GET https://firebase.googleapis.com/v1beta1/projects/-/webApps/1:244421632309:web:2dc6623e225b62eaca6c7c/config 200
[debug] [2026-06-23T09:38:29.731Z] <<< [apiv2][body] GET https://firebase.googleapis.com/v1beta1/projects/-/webApps/1:244421632309:web:2dc6623e225b62eaca6c7c/config {"projectId":"doi-frati","appId":"1:244421632309:web:2dc6623e225b62eaca6c7c","storageBucket":"doi-frati.appspot.com","locationId":"europe-west","apiKey":"AIzaSyBKehbenHP14OhFTa-T62OMw5WscervEt4","authDomain":"doi-frati.firebaseapp.com","messagingSenderId":"244421632309","measurementId":"G-T0EYJ4BVER","projectNumber":"244421632309","version":"2"}
[info] 
   Thank you for trying our early preview of Next.js support on Firebase Hosting.
   During the preview, support is best-effort and breaking changes can be expected. Proceed with caution.

   Documentation: https://firebase.google.com/docs/hosting/frameworks/nextjs
   File a bug: https://github.com/firebase/firebase-tools/issues/new?template=bug_report.md
   Submit a feature request: https://github.com/firebase/firebase-tools/issues/new?template=feature_request.md

   We'd love to learn from you. Express your interest in helping us shape the future of Firebase Hosting: https://goo.gle/41enW5X

[debug] [2026-06-23T09:38:35.894Z] Checked if tokens are valid: true, expires at: 1782211100703
[debug] [2026-06-23T09:38:35.894Z] Checked if tokens are valid: true, expires at: 1782211100703
[debug] [2026-06-23T09:38:35.895Z] >>> [apiv2][query] GET https://firebasehosting.googleapis.com/v1beta1/projects/doi-frati/sites/doi-frati [none]
[debug] [2026-06-23T09:38:36.849Z] <<< [apiv2][status] GET https://firebasehosting.googleapis.com/v1beta1/projects/doi-frati/sites/doi-frati 200
[debug] [2026-06-23T09:38:36.849Z] <<< [apiv2][body] GET https://firebasehosting.googleapis.com/v1beta1/projects/doi-frati/sites/doi-frati {"name":"projects/doi-frati/sites/doi-frati","defaultUrl":"https://doi-frati.web.app","appId":"1:244421632309:web:2dc6623e225b62eaca6c7c","type":"DEFAULT_SITE"}
[info]    Creating an optimized production build ...

[info]  ✓ Compiled successfully

[info]    Linting and checking validity of types ...

[info]    Collecting page data ...

[info]    Generating static pages (0/37) ...

[info]    Generating static pages (9/37) 

[info] oik

[info] 
 ⚠ metadata.metadataBase is not set for resolving social open graph or twitter images, using "https://doi-frati.web.app". See https://nextjs.org/docs/app/api-reference/functions/generate-metadata#metadatabase

[debug] [2026-06-23T09:39:59.555Z] Error: ENOENT: no such file or directory, open '/mnt/c/Users/isaic/Desktop/huff/doifrati-main/.next/export-marker.json'
[error] 
[error] Error: An unexpected error has occurred.
